

###################################################################################
########## Feature Extraction: A Fourier and Numerical Mapping Approach ###########
##########    Arguments: -i input -o output -l label -r representation  ###########
########## -r:  1 = Binary, 2 = Z-curve, 3 = Real, 4 = Integer, 5 = EIIP  #########
##########               6 = ComplexNumber, 7 = Atomic Number           ###########
##########                 Author: Robson Parmezan Bonidia              ###########
###################################################################################


Sequence Analyzed!!
Sequence Analyzed!!
Sequence Analyzed!!
Sequence Analyzed!!
Sequence Analyzed!!
Sequence Analyzed!!
Sequence Analyzed!!
Sequence Analyzed!!
Sequence Analyzed!!
Sequence Analyzed!!
Sequence Analyzed!!
Sequence Analyzed!!
Sequence Analyzed!!
Sequence Analyzed!!
Sequence Analyzed!!
Sequence Analyzed!!
Sequence Analyzed!!
Sequence Analyzed!!
Sequence Analyzed!!
Sequence Analyzed!!
Sequence Analyzed!!
Sequence Analyzed!!
Sequence Analyzed!!
Sequence Analyzed!!
Sequence Analyzed!!
Sequence Analyzed!!
Sequence Analyzed!!
Sequence Analyzed!!
Sequence Analyzed!!
Sequence Analyzed!!
Sequence Analyzed!!
Sequence Analyzed!!
Sequence Analyzed!!
Sequence Analyzed!!
Sequence Analyzed!!
Sequence Analyzed!!
Sequence Analyzed!!
Sequence Analyzed!!
Sequence Analyzed!!
Sequence Analyzed!!
