

###################################################################################
######################## Feature Extraction: Entropy  #############################
##########   Arguments: -i input -o output -l label -k kmer -e entropy  ###########
##########               Author: Robson Parmezan Bonidia                ###########
###################################################################################


Recorded Sequence!!!
Recorded Sequence!!!
Recorded Sequence!!!
Recorded Sequence!!!
Recorded Sequence!!!
Recorded Sequence!!!
Recorded Sequence!!!
Recorded Sequence!!!
Recorded Sequence!!!
Recorded Sequence!!!
Recorded Sequence!!!
Recorded Sequence!!!
Recorded Sequence!!!
Recorded Sequence!!!
Recorded Sequence!!!
Recorded Sequence!!!
Recorded Sequence!!!
Recorded Sequence!!!
Recorded Sequence!!!
Recorded Sequence!!!
Recorded Sequence!!!
Recorded Sequence!!!
Recorded Sequence!!!
Recorded Sequence!!!
Recorded Sequence!!!
Recorded Sequence!!!
Recorded Sequence!!!
Recorded Sequence!!!
Recorded Sequence!!!
Recorded Sequence!!!
Recorded Sequence!!!
Recorded Sequence!!!
Recorded Sequence!!!
Recorded Sequence!!!
Recorded Sequence!!!
Recorded Sequence!!!
Recorded Sequence!!!
Recorded Sequence!!!
Recorded Sequence!!!
Recorded Sequence!!!
