       0      1      2      3      4   ...     14     15      16      17      18
0   0.033  0.033  0.066  0.033  0.066  ...  0.044  0.088  0.0736  0.0703  0.0640
1   0.022  0.011  0.088  0.044  0.055  ...  0.055  0.033  0.0811  0.0696  0.0611
2   0.022  0.011  0.090  0.022  0.079  ...  0.034  0.045  0.0694  0.0663  0.0565
3   0.022  0.043  0.097  0.022  0.065  ...  0.022  0.043  0.0811  0.0793  0.0624
4   0.022  0.033  0.088  0.022  0.044  ...  0.044  0.033  0.0770  0.0670  0.0597
5   0.033  0.022  0.077  0.022  0.044  ...  0.033  0.044  0.0713  0.0598  0.0639
6   0.035  0.023  0.069  0.035  0.023  ...  0.012  0.058  0.0743  0.0551  0.0620
7   0.011  0.022  0.078  0.033  0.056  ...  0.067  0.033  0.0763  0.0638  0.0587
8   0.034  0.000  0.068  0.045  0.034  ...  0.034  0.045  0.0633  0.0606  0.0612
9   0.023  0.023  0.080  0.011  0.034  ...  0.023  0.057  0.0667  0.0582  0.0564
10  0.022  0.044  0.054  0.033  0.076  ...  0.065  0.076  0.0783  0.0657  0.0619
11  0.022  0.033  0.065  0.044  0.033  ...  0.022  0.011  0.0775  0.0602  0.0670
12  0.011  0.022  0.066  0.011  0.033  ...  0.022  0.044  0.0716  0.0648  0.0657
13  0.000  0.055  0.055  0.011  0.066  ...  0.055  0.044  0.0773  0.0632  0.0595
14  0.046  0.023  0.069  0.011  0.034  ...  0.046  0.046  0.0640  0.0561  0.0556
15  0.068  0.049  0.049  0.020  0.020  ...  0.020  0.010  0.0561  0.0533  0.0497
16  0.022  0.011  0.022  0.078  0.033  ...  0.055  0.044  0.0863  0.0701  0.0555
17  0.080  0.030  0.060  0.010  0.020  ...  0.050  0.050  0.0580  0.0514  0.0517
18  0.022  0.022  0.067  0.011  0.034  ...  0.045  0.045  0.0692  0.0618  0.0494
19  0.033  0.033  0.045  0.045  0.056  ...  0.033  0.067  0.0786  0.0702  0.0586
20  0.034  0.023  0.045  0.056  0.045  ...  0.023  0.045  0.0759  0.0635  0.0601
21  0.011  0.034  0.069  0.034  0.069  ...  0.023  0.034  0.0655  0.0588  0.0503
22  0.056  0.022  0.056  0.056  0.034  ...  0.034  0.056  0.0747  0.0636  0.0687
23  0.056  0.009  0.065  0.028  0.028  ...  0.056  0.009  0.0647  0.0529  0.0547
24  0.088  0.029  0.049  0.039  0.039  ...  0.029  0.039  0.0772  0.0647  0.0669
25  0.056  0.011  0.044  0.033  0.044  ...  0.022  0.011  0.0711  0.0627  0.0547
26  0.062  0.041  0.062  0.021  0.062  ...  0.031  0.041  0.0601  0.0543  0.0466
27  0.062  0.031  0.052  0.031  0.052  ...  0.031  0.041  0.0600  0.0578  0.0450
28  0.011  0.000  0.089  0.045  0.067  ...  0.045  0.034  0.0748  0.0543  0.0661
29  0.023  0.058  0.058  0.012  0.046  ...  0.000  0.046  0.0619  0.0575  0.0472
30  0.058  0.019  0.029  0.039  0.029  ...  0.039  0.039  0.0732  0.0597  0.0643
31  0.022  0.034  0.045  0.034  0.034  ...  0.034  0.045  0.0719  0.0635  0.0494
32  0.040  0.020  0.070  0.020  0.050  ...  0.050  0.050  0.0741  0.0558  0.0613
33  0.067  0.033  0.033  0.033  0.022  ...  0.022  0.045  0.0840  0.0668  0.0697
34  0.029  0.038  0.057  0.019  0.029  ...  0.057  0.038  0.0821  0.0700  0.0563
35  0.022  0.022  0.044  0.022  0.055  ...  0.044  0.011  0.0814  0.0576  0.0527
36  0.029  0.029  0.059  0.010  0.029  ...  0.049  0.059  0.0752  0.0554  0.0573
37  0.029  0.029  0.059  0.010  0.029  ...  0.049  0.049  0.0749  0.0553  0.0579
38  0.028  0.019  0.047  0.028  0.037  ...  0.047  0.037  0.0595  0.0603  0.0458
39  0.028  0.019  0.046  0.028  0.037  ...  0.046  0.037  0.0590  0.0599  0.0455

[40 rows x 19 columns]
